workedashikworkedCold CoffeeworkedCold CoffeeworkedFried ChickenworkedFried ChickenworkedFried ChickenworkedFried ChickenworkedTestworkedTestworkedTestworkedTestworkedTest2workedTest2workedQuery executed successfully
No rows found: Incorrect email or password!
Query executed successfully
No rows found: Incorrect email or password!
Query executed successfully
No rows found: Incorrect email or password!
workedworkedmusa bhaiworkedcoke chikiQuery executed successfully
No rows found: Incorrect email or password!
Query executed successfully
No rows found: Incorrect email or password!
Query executed successfully
No rows found: Incorrect email or password!
workedQuery executed successfully
No rows found: Incorrect email or password!
Query executed successfully
No rows found: Incorrect email or password!
Query executed successfully
No rows found: Incorrect email or password!
Query executed successfully
No rows found: Incorrect email or password!
Query executed successfully
No rows found: Incorrect email or password!
Query executed successfully
No rows found: Incorrect email or password!
Query executed successfully
No rows found: Incorrect email or password!
Query executed successfully
No rows found: Incorrect email or password!
Query executed successfully
No rows found: Incorrect email or password!
Query executed successfully
No rows found: Incorrect email or password!
Query executed successfully
AdminQuery executed successfully
UserQuery executed successfully
UserworkedQuery executed successfully
No rows found: Incorrect email or password!
workedben10